# JRE version: OpenJDK Runtime Environment (23.0.1+11) (build 23.0.1+11-39)
# Java VM: OpenJDK 64-Bit Server VM (23.0.1+11-39, mixed mode, sharing, tiered, compressed oops, compressed class ptrs, g1 gc, windows-amd64)
GC Precious Log:
 CardTable entry size: 512
 Card Set container configuration: InlinePtr #cards 4 size 8 Array Of Cards #cards 16 size 48 Howl #buckets 8 coarsen threshold 3686 Howl Bitmap #cards 512 size 80 coarsen threshold 460 Card regions per heap region 1 cards per card region 4096
 CPUs: 8 total, 8 available
 Memory: 16149M
 Large Page Support: Disabled
 NUMA Support: Disabled
 Compressed Oops: Enabled (Zero based)
 Heap Region Size: 2M
 Heap Min Capacity: 8M
 Heap Initial Capacity: 254M
 Heap Max Capacity: 4038M
 Pre-touch: Disabled
 Parallel Workers: 8
 Concurrent Workers: 2
 Concurrent Refinement Workers: 8
 Periodic GC: Disabled
Heap:
 garbage-first heap   total reserved 4134912K, committed 368640K, used 145866K [0x0000000703a00000, 0x0000000800000000)
  region size 2048K, 29 young (59392K), 10 survivors (20480K)
 Metaspace       used 99840K, committed 100992K, reserved 1179648K
  class space    used 13493K, committed 14016K, reserved 1048576K
GC Heap History (20 events):
Event: 9.607 GC heap before
{Heap before GC invocations=27 (full 0):
 garbage-first heap   total reserved 4134912K, committed 79872K, used 69397K [0x0000000703a00000, 0x0000000800000000)
  region size 2048K, 9 young (18432K), 2 survivors (4096K)
 Metaspace       used 80627K, committed 81216K, reserved 1179648K
  class space    used 11124K, committed 11392K, reserved 1048576K
}
Event: 9.612 GC heap after
{Heap after GC invocations=28 (full 0):
 garbage-first heap   total reserved 4134912K, committed 135168K, used 61439K [0x0000000703a00000, 0x0000000800000000)
  region size 2048K, 2 young (4096K), 2 survivors (4096K)
 Metaspace       used 80627K, committed 81216K, reserved 1179648K
  class space    used 11124K, committed 11392K, reserved 1048576K
}
Event: 9.688 GC heap before
{Heap before GC invocations=29 (full 0):
 garbage-first heap   total reserved 4134912K, committed 135168K, used 104447K [0x0000000703a00000, 0x0000000800000000)
  region size 2048K, 23 young (47104K), 2 survivors (4096K)
 Metaspace       used 80631K, committed 81216K, reserved 1179648K
  class space    used 11126K, committed 11392K, reserved 1048576K
}
Event: 9.691 GC heap after
{Heap after GC invocations=30 (full 0):
 garbage-first heap   total reserved 4134912K, committed 135168K, used 65655K [0x0000000703a00000, 0x0000000800000000)
  region size 2048K, 2 young (4096K), 2 survivors (4096K)
 Metaspace       used 80631K, committed 81216K, reserved 1179648K
  class space    used 11126K, committed 11392K, reserved 1048576K
}
Event: 9.753 GC heap before
{Heap before GC invocations=30 (full 0):
 garbage-first heap   total reserved 4134912K, committed 135168K, used 106615K [0x0000000703a00000, 0x0000000800000000)
  region size 2048K, 22 young (45056K), 2 survivors (4096K)
 Metaspace       used 80649K, committed 81280K, reserved 1179648K
  class space    used 11127K, committed 11392K, reserved 1048576K
}
Event: 9.756 GC heap after
{Heap after GC invocations=31 (full 0):
 garbage-first heap   total reserved 4134912K, committed 135168K, used 65274K [0x0000000703a00000, 0x0000000800000000)
  region size 2048K, 2 young (4096K), 2 survivors (4096K)
 Metaspace       used 80649K, committed 81280K, reserved 1179648K
  class space    used 11127K, committed 11392K, reserved 1048576K
}
Event: 9.800 GC heap before
{Heap before GC invocations=31 (full 0):
 garbage-first heap   total reserved 4134912K, committed 135168K, used 110330K [0x0000000703a00000, 0x0000000800000000)
  region size 2048K, 24 young (49152K), 2 survivors (4096K)
 Metaspace       used 80649K, committed 81280K, reserved 1179648K
  class space    used 11127K, committed 11392K, reserved 1048576K
}
Event: 9.811 GC heap after
{Heap after GC invocations=32 (full 0):
 garbage-first heap   total reserved 4134912K, committed 135168K, used 84495K [0x0000000703a00000, 0x0000000800000000)
  region size 2048K, 3 young (6144K), 3 survivors (6144K)
 Metaspace       used 80649K, committed 81280K, reserved 1179648K
  class space    used 11127K, committed 11392K, reserved 1048576K
}
Event: 9.838 GC heap before
{Heap before GC invocations=32 (full 0):
 garbage-first heap   total reserved 4134912K, committed 135168K, used 111119K [0x0000000703a00000, 0x0000000800000000)
  region size 2048K, 16 young (32768K), 3 survivors (6144K)
 Metaspace       used 80649K, committed 81280K, reserved 1179648K
  class space    used 11127K, committed 11392K, reserved 1048576K
}
Event: 9.845 GC heap after
{Heap after GC invocations=33 (full 0):
 garbage-first heap   total reserved 4134912K, committed 135168K, used 95018K [0x0000000703a00000, 0x0000000800000000)
  region size 2048K, 2 young (4096K), 2 survivors (4096K)
 Metaspace       used 80649K, committed 81280K, reserved 1179648K
  class space    used 11127K, committed 11392K, reserved 1048576K
}
Event: 9.876 GC heap before
{Heap before GC invocations=34 (full 0):
 garbage-first heap   total reserved 4134912K, committed 157696K, used 115498K [0x0000000703a00000, 0x0000000800000000)
  region size 2048K, 12 young (24576K), 2 survivors (4096K)
 Metaspace       used 80649K, committed 81280K, reserved 1179648K
  class space    used 11127K, committed 11392K, reserved 1048576K
}
Event: 9.883 GC heap after
{Heap after GC invocations=35 (full 0):
 garbage-first heap   total reserved 4134912K, committed 157696K, used 104410K [0x0000000703a00000, 0x0000000800000000)
  region size 2048K, 2 young (4096K), 2 survivors (4096K)
 Metaspace       used 80649K, committed 81280K, reserved 1179648K
  class space    used 11127K, committed 11392K, reserved 1048576K
}
Event: 9.920 GC heap before
{Heap before GC invocations=35 (full 0):
 garbage-first heap   total reserved 4134912K, committed 157696K, used 131034K [0x0000000703a00000, 0x0000000800000000)
  region size 2048K, 15 young (30720K), 2 survivors (4096K)
 Metaspace       used 80650K, committed 81280K, reserved 1179648K
  class space    used 11127K, committed 11392K, reserved 1048576K
}
Event: 9.926 GC heap after
{Heap after GC invocations=36 (full 0):
 garbage-first heap   total reserved 4134912K, committed 444416K, used 95127K [0x0000000703a00000, 0x0000000800000000)
  region size 2048K, 2 young (4096K), 2 survivors (4096K)
 Metaspace       used 80650K, committed 81280K, reserved 1179648K
  class space    used 11127K, committed 11392K, reserved 1048576K
}
Event: 10.354 GC heap before
{Heap before GC invocations=36 (full 0):
 garbage-first heap   total reserved 4134912K, committed 444416K, used 283543K [0x0000000703a00000, 0x0000000800000000)
  region size 2048K, 94 young (192512K), 2 survivors (4096K)
 Metaspace       used 81318K, committed 81984K, reserved 1179648K
  class space    used 11199K, committed 11520K, reserved 1048576K
}
Event: 10.361 GC heap after
{Heap after GC invocations=37 (full 0):
 garbage-first heap   total reserved 4134912K, committed 444416K, used 102233K [0x0000000703a00000, 0x0000000800000000)
  region size 2048K, 6 young (12288K), 6 survivors (12288K)
 Metaspace       used 81318K, committed 81984K, reserved 1179648K
  class space    used 11199K, committed 11520K, reserved 1048576K
}
Event: 11.368 GC heap before
{Heap before GC invocations=37 (full 0):
 garbage-first heap   total reserved 4134912K, committed 444416K, used 272217K [0x0000000703a00000, 0x0000000800000000)
  region size 2048K, 89 young (182272K), 6 survivors (12288K)
 Metaspace       used 84830K, committed 85568K, reserved 1179648K
  class space    used 11613K, committed 11968K, reserved 1048576K
}
Event: 11.374 GC heap after
{Heap after GC invocations=38 (full 0):
 garbage-first heap   total reserved 4134912K, committed 444416K, used 103271K [0x0000000703a00000, 0x0000000800000000)
  region size 2048K, 6 young (12288K), 6 survivors (12288K)
 Metaspace       used 84830K, committed 85568K, reserved 1179648K
  class space    used 11613K, committed 11968K, reserved 1048576K
}
Event: 153.871 GC heap before
{Heap before GC invocations=38 (full 0):
 garbage-first heap   total reserved 4134912K, committed 444416K, used 308071K [0x0000000703a00000, 0x0000000800000000)
  region size 2048K, 106 young (217088K), 6 survivors (12288K)
 Metaspace       used 99339K, committed 100416K, reserved 1179648K
  class space    used 13479K, committed 13952K, reserved 1048576K
}
Event: 153.886 GC heap after
{Heap after GC invocations=39 (full 0):
 garbage-first heap   total reserved 4134912K, committed 444416K, used 111050K [0x0000000703a00000, 0x0000000800000000)
  region size 2048K, 10 young (20480K), 10 survivors (20480K)
 Metaspace       used 99339K, committed 100416K, reserved 1179648K
  class space    used 13479K, committed 13952K, reserved 1048576K
}

