# JRE version: OpenJDK Runtime Environment (23.0.1+11) (build 23.0.1+11-39)
# Java VM: OpenJDK 64-Bit Server VM (23.0.1+11-39, mixed mode, sharing, tiered, compressed oops, compressed class ptrs, g1 gc, windows-amd64)
GC Precious Log:
 CardTable entry size: 512
 Card Set container configuration: InlinePtr #cards 4 size 8 Array Of Cards #cards 16 size 48 Howl #buckets 8 coarsen threshold 3686 Howl Bitmap #cards 512 size 80 coarsen threshold 460 Card regions per heap region 1 cards per card region 4096
 CPUs: 8 total, 8 available
 Memory: 16149M
 Large Page Support: Disabled
 NUMA Support: Disabled
 Compressed Oops: Enabled (Zero based)
 Heap Region Size: 2M
 Heap Min Capacity: 8M
 Heap Initial Capacity: 254M
 Heap Max Capacity: 4038M
 Pre-touch: Disabled
 Parallel Workers: 8
 Concurrent Workers: 2
 Concurrent Refinement Workers: 8
 Periodic GC: Disabled
Heap:
 garbage-first heap   total reserved 4134912K, committed 163840K, used 91199K [0x0000000703a00000, 0x0000000800000000)
  region size 2048K, 20 young (40960K), 4 survivors (8192K)
 Metaspace       used 119213K, committed 120576K, reserved 1179648K
  class space    used 14747K, committed 15424K, reserved 1048576K
GC Heap History (20 events):
Event: 5524.726 GC heap before
{Heap before GC invocations=84 (full 3):
 garbage-first heap   total reserved 4134912K, committed 163840K, used 142106K [0x0000000703a00000, 0x0000000800000000)
  region size 2048K, 47 young (96256K), 4 survivors (8192K)
 Metaspace       used 114411K, committed 115456K, reserved 1179648K
  class space    used 14344K, committed 14848K, reserved 1048576K
}
Event: 5524.746 GC heap after
{Heap after GC invocations=85 (full 3):
 garbage-first heap   total reserved 4134912K, committed 163840K, used 58159K [0x0000000703a00000, 0x0000000800000000)
  region size 2048K, 3 young (6144K), 3 survivors (6144K)
 Metaspace       used 114411K, committed 115456K, reserved 1179648K
  class space    used 14344K, committed 14848K, reserved 1048576K
}
Event: 5527.309 GC heap before
{Heap before GC invocations=85 (full 3):
 garbage-first heap   total reserved 4134912K, committed 163840K, used 142127K [0x0000000703a00000, 0x0000000800000000)
  region size 2048K, 44 young (90112K), 3 survivors (6144K)
 Metaspace       used 115470K, committed 116608K, reserved 1179648K
  class space    used 14409K, committed 14976K, reserved 1048576K
}
Event: 5527.325 GC heap after
{Heap after GC invocations=86 (full 3):
 garbage-first heap   total reserved 4134912K, committed 163840K, used 62182K [0x0000000703a00000, 0x0000000800000000)
  region size 2048K, 4 young (8192K), 4 survivors (8192K)
 Metaspace       used 115470K, committed 116608K, reserved 1179648K
  class space    used 14409K, committed 14976K, reserved 1048576K
}
Event: 5529.389 GC heap before
{Heap before GC invocations=86 (full 3):
 garbage-first heap   total reserved 4134912K, committed 163840K, used 113382K [0x0000000703a00000, 0x0000000800000000)
  region size 2048K, 30 young (61440K), 4 survivors (8192K)
 Metaspace       used 115497K, committed 116608K, reserved 1179648K
  class space    used 14411K, committed 14976K, reserved 1048576K
}
Event: 5529.515 GC heap after
{Heap after GC invocations=87 (full 4):
 garbage-first heap   total reserved 4134912K, committed 163840K, used 47834K [0x0000000703a00000, 0x0000000800000000)
  region size 2048K, 0 young (0K), 0 survivors (0K)
 Metaspace       used 115479K, committed 116608K, reserved 1179648K
  class space    used 14410K, committed 14976K, reserved 1048576K
}
Event: 5531.651 GC heap before
{Heap before GC invocations=87 (full 4):
 garbage-first heap   total reserved 4134912K, committed 163840K, used 142042K [0x0000000703a00000, 0x0000000800000000)
  region size 2048K, 47 young (96256K), 0 survivors (0K)
 Metaspace       used 116559K, committed 117696K, reserved 1179648K
  class space    used 14499K, committed 15040K, reserved 1048576K
}
Event: 5531.661 GC heap after
{Heap after GC invocations=88 (full 4):
 garbage-first heap   total reserved 4134912K, committed 163840K, used 56026K [0x0000000703a00000, 0x0000000800000000)
  region size 2048K, 4 young (8192K), 4 survivors (8192K)
 Metaspace       used 116559K, committed 117696K, reserved 1179648K
  class space    used 14499K, committed 15040K, reserved 1048576K
}
Event: 5533.816 GC heap before
{Heap before GC invocations=89 (full 4):
 garbage-first heap   total reserved 4134912K, committed 163840K, used 142042K [0x0000000703a00000, 0x0000000800000000)
  region size 2048K, 46 young (94208K), 4 survivors (8192K)
 Metaspace       used 117193K, committed 118336K, reserved 1179648K
  class space    used 14538K, committed 15104K, reserved 1048576K
}
Event: 5533.829 GC heap after
{Heap after GC invocations=90 (full 4):
 garbage-first heap   total reserved 4134912K, committed 163840K, used 59393K [0x0000000703a00000, 0x0000000800000000)
  region size 2048K, 3 young (6144K), 3 survivors (6144K)
 Metaspace       used 117193K, committed 118336K, reserved 1179648K
  class space    used 14538K, committed 15104K, reserved 1048576K
}
Event: 5534.752 GC heap before
{Heap before GC invocations=90 (full 4):
 garbage-first heap   total reserved 4134912K, committed 163840K, used 141313K [0x0000000703a00000, 0x0000000800000000)
  region size 2048K, 43 young (88064K), 3 survivors (6144K)
 Metaspace       used 118239K, committed 119488K, reserved 1179648K
  class space    used 14605K, committed 15232K, reserved 1048576K
}
Event: 5534.760 GC heap after
{Heap after GC invocations=91 (full 4):
 garbage-first heap   total reserved 4134912K, committed 163840K, used 63795K [0x0000000703a00000, 0x0000000800000000)
  region size 2048K, 4 young (8192K), 4 survivors (8192K)
 Metaspace       used 118239K, committed 119488K, reserved 1179648K
  class space    used 14605K, committed 15232K, reserved 1048576K
}
Event: 5612.344 GC heap before
{Heap before GC invocations=91 (full 4):
 garbage-first heap   total reserved 4134912K, committed 163840K, used 141619K [0x0000000703a00000, 0x0000000800000000)
  region size 2048K, 43 young (88064K), 4 survivors (8192K)
 Metaspace       used 118585K, committed 119872K, reserved 1179648K
  class space    used 14656K, committed 15296K, reserved 1048576K
}
Event: 5612.357 GC heap after
{Heap after GC invocations=92 (full 4):
 garbage-first heap   total reserved 4134912K, committed 163840K, used 64262K [0x0000000703a00000, 0x0000000800000000)
  region size 2048K, 3 young (6144K), 3 survivors (6144K)
 Metaspace       used 118585K, committed 119872K, reserved 1179648K
  class space    used 14656K, committed 15296K, reserved 1048576K
}
Event: 5872.852 GC heap before
{Heap before GC invocations=93 (full 4):
 garbage-first heap   total reserved 4134912K, committed 163840K, used 142086K [0x0000000703a00000, 0x0000000800000000)
  region size 2048K, 42 young (86016K), 3 survivors (6144K)
 Metaspace       used 119015K, committed 120384K, reserved 1179648K
  class space    used 14728K, committed 15424K, reserved 1048576K
}
Event: 5872.867 GC heap after
{Heap after GC invocations=94 (full 4):
 garbage-first heap   total reserved 4134912K, committed 163840K, used 64992K [0x0000000703a00000, 0x0000000800000000)
  region size 2048K, 3 young (6144K), 3 survivors (6144K)
 Metaspace       used 119015K, committed 120384K, reserved 1179648K
  class space    used 14728K, committed 15424K, reserved 1048576K
}
Event: 6249.856 GC heap before
{Heap before GC invocations=94 (full 4):
 garbage-first heap   total reserved 4134912K, committed 163840K, used 142816K [0x0000000703a00000, 0x0000000800000000)
  region size 2048K, 42 young (86016K), 3 survivors (6144K)
 Metaspace       used 119142K, committed 120512K, reserved 1179648K
  class space    used 14750K, committed 15424K, reserved 1048576K
}
Event: 6249.889 GC heap after
{Heap after GC invocations=95 (full 4):
 garbage-first heap   total reserved 4134912K, committed 163840K, used 62343K [0x0000000703a00000, 0x0000000800000000)
  region size 2048K, 4 young (8192K), 4 survivors (8192K)
 Metaspace       used 119142K, committed 120512K, reserved 1179648K
  class space    used 14750K, committed 15424K, reserved 1048576K
}
Event: 6570.089 GC heap before
{Heap before GC invocations=95 (full 4):
 garbage-first heap   total reserved 4134912K, committed 163840K, used 144263K [0x0000000703a00000, 0x0000000800000000)
  region size 2048K, 44 young (90112K), 4 survivors (8192K)
 Metaspace       used 119184K, committed 120576K, reserved 1179648K
  class space    used 14755K, committed 15424K, reserved 1048576K
}
Event: 6570.137 GC heap after
{Heap after GC invocations=96 (full 4):
 garbage-first heap   total reserved 4134912K, committed 163840K, used 62527K [0x0000000703a00000, 0x0000000800000000)
  region size 2048K, 4 young (8192K), 4 survivors (8192K)
 Metaspace       used 119184K, committed 120576K, reserved 1179648K
  class space    used 14755K, committed 15424K, reserved 1048576K
}

